<?xml version="1.0" encoding="UTF-8"?>
<!-- Generated by org.testng.reporters.JUnitReportReporter -->
<testsuite hostname="DESKTOP-JO74DSF" failures="0" tests="1" name="RestAssuredSpotify.Spotify.SpotifyApi" time="3.040" errors="0" timestamp="2022-02-15T23:52:00 IST" skipped="0">
  <testcase classname="RestAssuredSpotify.Spotify.SpotifyApi" name="testGET_CurrentUserProfile_ShoulReturn_StatusCode200" time="3.040"/>
  <system-out/>
</testsuite> <!-- RestAssuredSpotify.Spotify.SpotifyApi -->
