<?xml version="1.0" encoding="UTF-8"?>
<!-- Generated by org.testng.reporters.JUnitReportReporter -->
<testsuite hostname="DESKTOP-JO74DSF" failures="0" tests="1" name="RestAssuredSpotify.Spotify.AppTest" time="0.016" errors="0" timestamp="2022-02-12T15:23:10 IST" skipped="0">
  <testcase classname="RestAssuredSpotify.Spotify.AppTest" name="shouldAnswerWithTrue" time="0.016"/>
  <system-out/>
</testsuite> <!-- RestAssuredSpotify.Spotify.AppTest -->
